[23:43:04] [ServerMain/INFO]: [bootstrap] Running Java 21 (OpenJDK 64-Bit Server VM 21.0.7+6-Ubuntu-0ubuntu120.04; Ubuntu null) on Linux 6.8.0-1027-azure (amd64)
[23:43:04] [ServerMain/INFO]: [bootstrap] Loading Paper 1.21-130-master@b1b5d4c (2024-08-10T10:02:42Z) for Minecraft 1.21
[23:43:04] [ServerMain/INFO]: [PluginInitializerManager] Initializing plugins...
[23:43:04] [ServerMain/INFO]: [PluginInitializerManager] Initialized 0 plugins
[23:43:10] [ServerMain/INFO]: Environment: Environment[sessionHost=https://sessionserver.mojang.com, servicesHost=https://api.minecraftservices.com, name=PROD]
[23:43:12] [ServerMain/INFO]: Loaded 1290 recipes
[23:43:12] [ServerMain/INFO]: Loaded 1399 advancements
[23:43:12] [Server thread/INFO]: Starting minecraft server version 1.21
[23:43:12] [Server thread/INFO]: Loading properties
[23:43:12] [Server thread/INFO]: This server is running Paper version 1.21-130-master@b1b5d4c (2024-08-10T10:02:42Z) (Implementing API version 1.21-R0.1-SNAPSHOT)
[23:43:13] [Server thread/INFO]: [spark] This server bundles the spark profiler. For more information please visit https://docs.papermc.io/paper/profiling
[23:43:13] [Server thread/INFO]: Server Ping Player Sample Count: 12
[23:43:13] [Server thread/INFO]: Using 4 threads for Netty based IO
[23:43:14] [Server thread/INFO]: [ChunkTaskScheduler] Chunk system is using 1 I/O threads, 1 worker threads, and population gen parallelism of 1 threads
[23:43:14] [Server thread/INFO]: Default game type: SURVIVAL
[23:43:14] [Server thread/INFO]: Generating keypair
[23:43:14] [Server thread/INFO]: Starting Minecraft server on *:25565
[23:43:14] [Server thread/INFO]: Using epoll channel type
[23:43:14] [Server thread/INFO]: Paper: Using libdeflate (Linux x86_64) compression from Velocity.
[23:43:14] [Server thread/INFO]: Paper: Using OpenSSL 1.1.x (Linux x86_64) cipher from Velocity.
[23:43:14] [Server thread/INFO]: Server permissions file permissions.yml is empty, ignoring it
[23:43:14] [Server thread/WARN]: **** SERVER IS RUNNING IN OFFLINE/INSECURE MODE!
[23:43:14] [Server thread/WARN]: The server will make no attempt to authenticate usernames. Beware.
[23:43:14] [Server thread/WARN]: While this makes the game possible to play without internet access, it also opens up the ability for hackers to connect with any username they choose.
[23:43:14] [Server thread/WARN]: To change this, set "online-mode" to "true" in the server.properties file.
[23:43:14] [Server thread/INFO]: Preparing level "world"
[23:43:15] [Server thread/INFO]: Preparing start region for dimension minecraft:overworld
[23:43:16] [Server thread/INFO]: Time elapsed: 1345 ms
[23:43:16] [Server thread/INFO]: Preparing start region for dimension minecraft:the_nether
[23:43:16] [Server thread/INFO]: Time elapsed: 244 ms
[23:43:16] [Server thread/INFO]: Preparing start region for dimension minecraft:the_end
[23:43:16] [Server thread/INFO]: Time elapsed: 100 ms
[23:43:16] [Server thread/INFO]: [spark] Starting background profiler...
[23:43:17] [Server thread/INFO]: Done preparing level "world" (2.586s)
[23:43:17] [Server thread/INFO]: Running delayed init tasks
[23:43:17] [Server thread/INFO]: Done (13.540s)! For help, type "help"
[23:43:17] [Server thread/INFO]: Timings Reset
[23:43:55] [User Authenticator #0/INFO]: UUID of player RenatoHp15 is 089e308a-68c5-386b-aad9-bd30d496f78a
[23:43:57] [Server thread/INFO]: RenatoHp15 joined the game
[23:43:58] [Server thread/INFO]: RenatoHp15[/127.239.173.224:55293] logged in with entity id 37 at ([world]-270.5, 64.0, 313.5)
[23:44:26] [Server thread/INFO]: Made RenatoHp15 a server operator
[23:44:36] [Server thread/INFO]: RenatoHp15 issued server command: /back
[23:44:39] [Server thread/INFO]: RenatoHp15 issued server command: /reset
[23:44:42] [Server thread/INFO]: RenatoHp15 issued server command: /reload
[23:44:42] [Server thread/INFO]: RenatoHp15: Are you sure you wish to reload your server? Doing so may cause bugs and memory leaks. It is recommended to restart instead of using /reload. To confirm, please type /reload confirm
[23:44:45] [Server thread/INFO]: RenatoHp15 issued server command: /reload confirm
[23:44:45] [Server thread/INFO]: RenatoHp15: Please note that this command is not supported and may cause issues when using some plugins.
[23:44:45] [Server thread/INFO]: RenatoHp15: If you encounter any issues please use the /stop command to restart your server.
[23:44:45] [Server thread/INFO]: Server Ping Player Sample Count: 12
[23:44:45] [Server thread/INFO]: Using 4 threads for Netty based IO
[23:44:45] [Server thread/INFO]: Loaded 1290 recipes
[23:44:45] [Server thread/INFO]: Loaded 1399 advancements
[23:44:46] [Server thread/INFO]: [PluginInitializerManager] Initializing plugins...
[23:44:46] [Paper Plugin Remapper Thread - 2/INFO]: [PluginRemapper] Remapping plugin 'plugins/ChangeSkin.jar'...
[23:44:46] [Paper Plugin Remapper Thread - 3/INFO]: [PluginRemapper] Remapping plugin 'plugins/smoothtimber-legacy-1.27.5.jar'...
[23:44:46] [Paper Plugin Remapper Thread - 1/INFO]: [PluginRemapper] Remapping plugin 'plugins/ExcellentEnchants-4.3.3.jar'...
[23:44:47] [Paper Plugin Remapper Thread - 2/INFO]: [PluginRemapper] Done remapping plugin 'plugins/ChangeSkin.jar' in 763ms.
[23:44:47] [Paper Plugin Remapper Thread - 3/INFO]: [PluginRemapper] Done remapping plugin 'plugins/smoothtimber-legacy-1.27.5.jar' in 771ms.
[23:44:47] [Paper Plugin Remapper Thread - 1/INFO]: [PluginRemapper] Done remapping plugin 'plugins/ExcellentEnchants-4.3.3.jar' in 652ms.
[23:44:47] [Server thread/INFO]: [PluginInitializerManager] Initialized 5 plugins
[23:44:47] [Server thread/INFO]: [PluginInitializerManager] Bukkit plugins (5):
 - ChangeSkin (3.0), Essentials (2.21.1-dev+18-3b0c229), ExcellentEnchants (4.3.3), LuckPerms (5.4.131), SmoothTimber (1.27.5)
[23:44:47] [Server thread/ERROR]: [ModernPluginLoadingStrategy] Could not load 'plugins/.paper-remapped/ChangeSkin.jar' in 'plugins/.paper-remapped'
org.bukkit.plugin.UnknownDependencyException: Unknown/missing dependency plugins: [ProtocolLib]. Please download and install these plugins to run 'ChangeSkin'.
	at io.papermc.paper.plugin.entrypoint.strategy.modern.ModernPluginLoadingStrategy.loadProviders(ModernPluginLoadingStrategy.java:82) ~[paper-1.21.jar:1.21-130-b1b5d4c]
	at io.papermc.paper.plugin.storage.SimpleProviderStorage.enter(SimpleProviderStorage.java:38) ~[paper-1.21.jar:1.21-130-b1b5d4c]
	at io.papermc.paper.plugin.entrypoint.LaunchEntryPointHandler.enter(LaunchEntryPointHandler.java:40) ~[paper-1.21.jar:1.21-130-b1b5d4c]
	at org.bukkit.craftbukkit.CraftServer.loadPlugins(CraftServer.java:546) ~[paper-1.21.jar:1.21-130-b1b5d4c]
	at org.bukkit.craftbukkit.CraftServer.reload(CraftServer.java:1130) ~[paper-1.21.jar:1.21-130-b1b5d4c]
	at org.bukkit.Bukkit.reload(Bukkit.java:1027) ~[paper-api-1.21-R0.1-SNAPSHOT.jar:?]
	at org.bukkit.command.defaults.ReloadCommand.execute(ReloadCommand.java:59) ~[paper-api-1.21-R0.1-SNAPSHOT.jar:?]
	at io.papermc.paper.command.brigadier.bukkit.BukkitCommandNode$BukkitBrigCommand.run(BukkitCommandNode.java:91) ~[paper-1.21.jar:1.21-130-b1b5d4c]
	at com.mojang.brigadier.context.ContextChain.runExecutable(ContextChain.java:73) ~[brigadier-1.2.9.jar:?]
	at net.minecraft.commands.execution.tasks.ExecuteCommand.execute(ExecuteCommand.java:31) ~[paper-1.21.jar:1.21-130-b1b5d4c]
	at net.minecraft.commands.execution.tasks.ExecuteCommand.execute(ExecuteCommand.java:19) ~[paper-1.21.jar:1.21-130-b1b5d4c]
	at net.minecraft.commands.execution.UnboundEntryAction.lambda$bind$0(UnboundEntryAction.java:8) ~[paper-1.21.jar:1.21-130-b1b5d4c]
	at net.minecraft.commands.execution.CommandQueueEntry.execute(CommandQueueEntry.java:5) ~[paper-1.21.jar:1.21-130-b1b5d4c]
	at net.minecraft.commands.execution.ExecutionContext.runCommandQueue(ExecutionContext.java:103) ~[paper-1.21.jar:1.21-130-b1b5d4c]
	at net.minecraft.commands.Commands.executeCommandInContext(Commands.java:443) ~[paper-1.21.jar:1.21-130-b1b5d4c]
	at net.minecraft.commands.Commands.performCommand(Commands.java:350) ~[paper-1.21.jar:1.21-130-b1b5d4c]
	at net.minecraft.commands.Commands.performCommand(Commands.java:337) ~[paper-1.21.jar:1.21-130-b1b5d4c]
	at net.minecraft.commands.Commands.performCommand(Commands.java:332) ~[paper-1.21.jar:1.21-130-b1b5d4c]
	at net.minecraft.server.network.ServerGamePacketListenerImpl.performUnsignedChatCommand(ServerGamePacketListenerImpl.java:2147) ~[paper-1.21.jar:1.21-130-b1b5d4c]
	at net.minecraft.server.network.ServerGamePacketListenerImpl.lambda$handleChatCommand$11(ServerGamePacketListenerImpl.java:2121) ~[paper-1.21.jar:1.21-130-b1b5d4c]
	at net.minecraft.server.TickTask.run(TickTask.java:18) ~[paper-1.21.jar:1.21-130-b1b5d4c]
	at net.minecraft.util.thread.BlockableEventLoop.doRunTask(BlockableEventLoop.java:151) ~[paper-1.21.jar:1.21-130-b1b5d4c]
	at net.minecraft.util.thread.ReentrantBlockableEventLoop.doRunTask(ReentrantBlockableEventLoop.java:24) ~[paper-1.21.jar:1.21-130-b1b5d4c]
	at net.minecraft.server.MinecraftServer.doRunTask(MinecraftServer.java:1537) ~[paper-1.21.jar:1.21-130-b1b5d4c]
	at net.minecraft.server.MinecraftServer.doRunTask(MinecraftServer.java:201) ~[paper-1.21.jar:1.21-130-b1b5d4c]
	at net.minecraft.util.thread.BlockableEventLoop.pollTask(BlockableEventLoop.java:125) ~[paper-1.21.jar:1.21-130-b1b5d4c]
	at net.minecraft.server.MinecraftServer.pollTaskInternal(MinecraftServer.java:1514) ~[paper-1.21.jar:1.21-130-b1b5d4c]
	at net.minecraft.server.MinecraftServer.pollTask(MinecraftServer.java:1507) ~[paper-1.21.jar:1.21-130-b1b5d4c]
	at net.minecraft.util.thread.BlockableEventLoop.runAllTasks(BlockableEventLoop.java:114) ~[paper-1.21.jar:1.21-130-b1b5d4c]
	at net.minecraft.server.MinecraftServer.tickServer(MinecraftServer.java:1629) ~[paper-1.21.jar:1.21-130-b1b5d4c]
	at net.minecraft.server.MinecraftServer.runServer(MinecraftServer.java:1304) ~[paper-1.21.jar:1.21-130-b1b5d4c]
	at net.minecraft.server.MinecraftServer.lambda$spin$0(MinecraftServer.java:330) ~[paper-1.21.jar:1.21-130-b1b5d4c]
	at java.base/java.lang.Thread.run(Thread.java:1583) ~[?:?]
[23:44:47] [Server thread/ERROR]: [ModernPluginLoadingStrategy] Could not load 'plugins/.paper-remapped/ExcellentEnchants-4.3.3.jar' in 'plugins/.paper-remapped'
org.bukkit.plugin.UnknownDependencyException: Unknown/missing dependency plugins: [nightcore]. Please download and install these plugins to run 'ExcellentEnchants'.
	at io.papermc.paper.plugin.entrypoint.strategy.modern.ModernPluginLoadingStrategy.loadProviders(ModernPluginLoadingStrategy.java:82) ~[paper-1.21.jar:1.21-130-b1b5d4c]
	at io.papermc.paper.plugin.storage.SimpleProviderStorage.enter(SimpleProviderStorage.java:38) ~[paper-1.21.jar:1.21-130-b1b5d4c]
	at io.papermc.paper.plugin.entrypoint.LaunchEntryPointHandler.enter(LaunchEntryPointHandler.java:40) ~[paper-1.21.jar:1.21-130-b1b5d4c]
	at org.bukkit.craftbukkit.CraftServer.loadPlugins(CraftServer.java:546) ~[paper-1.21.jar:1.21-130-b1b5d4c]
	at org.bukkit.craftbukkit.CraftServer.reload(CraftServer.java:1130) ~[paper-1.21.jar:1.21-130-b1b5d4c]
	at org.bukkit.Bukkit.reload(Bukkit.java:1027) ~[paper-api-1.21-R0.1-SNAPSHOT.jar:?]
	at org.bukkit.command.defaults.ReloadCommand.execute(ReloadCommand.java:59) ~[paper-api-1.21-R0.1-SNAPSHOT.jar:?]
	at io.papermc.paper.command.brigadier.bukkit.BukkitCommandNode$BukkitBrigCommand.run(BukkitCommandNode.java:91) ~[paper-1.21.jar:1.21-130-b1b5d4c]
	at com.mojang.brigadier.context.ContextChain.runExecutable(ContextChain.java:73) ~[brigadier-1.2.9.jar:?]
	at net.minecraft.commands.execution.tasks.ExecuteCommand.execute(ExecuteCommand.java:31) ~[paper-1.21.jar:1.21-130-b1b5d4c]
	at net.minecraft.commands.execution.tasks.ExecuteCommand.execute(ExecuteCommand.java:19) ~[paper-1.21.jar:1.21-130-b1b5d4c]
	at net.minecraft.commands.execution.UnboundEntryAction.lambda$bind$0(UnboundEntryAction.java:8) ~[paper-1.21.jar:1.21-130-b1b5d4c]
	at net.minecraft.commands.execution.CommandQueueEntry.execute(CommandQueueEntry.java:5) ~[paper-1.21.jar:1.21-130-b1b5d4c]
	at net.minecraft.commands.execution.ExecutionContext.runCommandQueue(ExecutionContext.java:103) ~[paper-1.21.jar:1.21-130-b1b5d4c]
	at net.minecraft.commands.Commands.executeCommandInContext(Commands.java:443) ~[paper-1.21.jar:1.21-130-b1b5d4c]
	at net.minecraft.commands.Commands.performCommand(Commands.java:350) ~[paper-1.21.jar:1.21-130-b1b5d4c]
	at net.minecraft.commands.Commands.performCommand(Commands.java:337) ~[paper-1.21.jar:1.21-130-b1b5d4c]
	at net.minecraft.commands.Commands.performCommand(Commands.java:332) ~[paper-1.21.jar:1.21-130-b1b5d4c]
	at net.minecraft.server.network.ServerGamePacketListenerImpl.performUnsignedChatCommand(ServerGamePacketListenerImpl.java:2147) ~[paper-1.21.jar:1.21-130-b1b5d4c]
	at net.minecraft.server.network.ServerGamePacketListenerImpl.lambda$handleChatCommand$11(ServerGamePacketListenerImpl.java:2121) ~[paper-1.21.jar:1.21-130-b1b5d4c]
	at net.minecraft.server.TickTask.run(TickTask.java:18) ~[paper-1.21.jar:1.21-130-b1b5d4c]
	at net.minecraft.util.thread.BlockableEventLoop.doRunTask(BlockableEventLoop.java:151) ~[paper-1.21.jar:1.21-130-b1b5d4c]
	at net.minecraft.util.thread.ReentrantBlockableEventLoop.doRunTask(ReentrantBlockableEventLoop.java:24) ~[paper-1.21.jar:1.21-130-b1b5d4c]
	at net.minecraft.server.MinecraftServer.doRunTask(MinecraftServer.java:1537) ~[paper-1.21.jar:1.21-130-b1b5d4c]
	at net.minecraft.server.MinecraftServer.doRunTask(MinecraftServer.java:201) ~[paper-1.21.jar:1.21-130-b1b5d4c]
	at net.minecraft.util.thread.BlockableEventLoop.pollTask(BlockableEventLoop.java:125) ~[paper-1.21.jar:1.21-130-b1b5d4c]
	at net.minecraft.server.MinecraftServer.pollTaskInternal(MinecraftServer.java:1514) ~[paper-1.21.jar:1.21-130-b1b5d4c]
	at net.minecraft.server.MinecraftServer.pollTask(MinecraftServer.java:1507) ~[paper-1.21.jar:1.21-130-b1b5d4c]
	at net.minecraft.util.thread.BlockableEventLoop.runAllTasks(BlockableEventLoop.java:114) ~[paper-1.21.jar:1.21-130-b1b5d4c]
	at net.minecraft.server.MinecraftServer.tickServer(MinecraftServer.java:1629) ~[paper-1.21.jar:1.21-130-b1b5d4c]
	at net.minecraft.server.MinecraftServer.runServer(MinecraftServer.java:1304) ~[paper-1.21.jar:1.21-130-b1b5d4c]
	at net.minecraft.server.MinecraftServer.lambda$spin$0(MinecraftServer.java:330) ~[paper-1.21.jar:1.21-130-b1b5d4c]
	at java.base/java.lang.Thread.run(Thread.java:1583) ~[?:?]
[23:44:47] [Server thread/INFO]: [LuckPerms] Loading server plugin LuckPerms v5.4.131
[23:44:49] [Server thread/INFO]: [Essentials] Loading server plugin Essentials v2.21.1-dev+18-3b0c229
[23:44:49] [Server thread/INFO]: [SmoothTimber] Loading server plugin SmoothTimber v1.27.5
[23:44:49] [Server thread/INFO]: Server permissions file permissions.yml is empty, ignoring it
[23:44:49] [Server thread/INFO]: [LuckPerms] Enabling LuckPerms v5.4.131
[23:44:50] [Server thread/INFO]:         __    
[23:44:50] [Server thread/INFO]:   |    |__)   LuckPerms v5.4.131
[23:44:50] [Server thread/INFO]:   |___ |      Running on Bukkit - Paper
[23:44:50] [Server thread/INFO]: 
[23:44:50] [Server thread/INFO]: [LuckPerms] Loading configuration...
[23:44:50] [Server thread/INFO]: [LuckPerms] Loading storage provider... [H2]
[23:44:50] [Server thread/INFO]: [LuckPerms] Loading internal permission managers...
[23:44:50] [Server thread/INFO]: [LuckPerms] Performing initial data load...
[23:44:51] [Server thread/INFO]: [LuckPerms] Successfully enabled. (took 1336ms)
[23:44:51] [Server thread/INFO]: [Essentials] Enabling Essentials v2.21.1-dev+18-3b0c229
[23:44:52] [Server thread/WARN]: [Essentials] Beginning Adventure locale file conversion.
[23:44:52] [Server thread/ERROR]: [Essentials] You are running an unsupported server version!
[23:44:53] [Server thread/INFO]: [Essentials] Creating config from template: plugins/Essentials/config.yml
[23:44:53] [Server thread/WARN]: [Essentials] Missing userdata folder, aborting
[23:44:53] [Server thread/INFO]: [Essentials] Creating config from template: plugins/Essentials/kits.yml
[23:44:53] [Server thread/INFO]: [Essentials] Attempting to convert old kits in config.yml to new kits.yml
[23:44:53] [Server thread/INFO]: [Essentials] No kits found to migrate.
[23:44:53] [Server thread/INFO]: [Essentials] Starting Essentials ban format conversion
[23:44:53] [Server thread/INFO]: [Essentials] Attempting to migrate ignore list to UUIDs
[23:44:53] [Server thread/INFO]: [Essentials] Attempting to migrate legacy userdata keys to Configurate
[23:44:53] [Server thread/INFO]: [Essentials] Done converting random teleport config.
[23:44:53] [Server thread/INFO]: [Essentials] Creating config from template: plugins/Essentials/worth.yml
[23:44:53] [Server thread/INFO]: [Essentials] Selected Reflection Online Mode Provider as the provider for OnlineModeProvider
[23:44:53] [Server thread/INFO]: [Essentials] Selected 1.14.4+ Persistent Data Container Provider as the provider for PersistentDataProvider
[23:44:53] [Server thread/INFO]: [Essentials] Selected 1.12.2+ Player Locale Provider as the provider for PlayerLocaleProvider
[23:44:53] [Server thread/INFO]: [Essentials] Selected Reflection Formatted Command Alias Provider as the provider for FormattedCommandAliasProvider
[23:44:53] [Server thread/INFO]: [Essentials] Selected Paper Container Provider as the provider for ContainerProvider
[23:44:53] [Server thread/INFO]: [Essentials] Selected 1.11+ Item Unbreakable Provider as the provider for ItemUnbreakableProvider
[23:44:53] [Server thread/INFO]: [Essentials] Selected Paper Material Tag Provider as the provider for MaterialTagProvider
[23:44:53] [Server thread/INFO]: [Essentials] Selected Paper Server State Provider as the provider for ServerStateProvider
[23:44:53] [Server thread/INFO]: [Essentials] Selected 1.8.3+ Spawner Item Provider as the provider for SpawnerItemProvider
[23:44:53] [Server thread/INFO]: [Essentials] Selected Reflection Sync Commands Provider as the provider for SyncCommandsProvider
[23:44:53] [Server thread/INFO]: [Essentials] Selected 1.12+ Spawner Block Provider as the provider for SpawnerBlockProvider
[23:44:53] [Server thread/INFO]: [Essentials] Selected 1.20.4+ Damage Event Provider as the provider for DamageEventProvider
[23:44:53] [Server thread/INFO]: [Essentials] Selected 1.14+ Sign Data Provider as the provider for SignDataProvider
[23:44:53] [Server thread/INFO]: [Essentials] Selected 1.17.1+ World Info Provider as the provider for WorldInfoProvider
[23:44:53] [Server thread/INFO]: [Essentials] Selected 1.20.5+ Banner Data Provider as the provider for BannerDataProvider
[23:44:53] [Server thread/INFO]: [Essentials] Selected Paper Tick Count Provider as the provider for TickCountProvider
[23:44:53] [Server thread/INFO]: [Essentials] Selected Paper Biome Key Provider as the provider for BiomeKeyProvider
[23:44:53] [Server thread/INFO]: [Essentials] Selected Paper Known Commands Provider as the provider for KnownCommandsProvider
[23:44:53] [Server thread/INFO]: [Essentials] Selected 1.21+ InventoryView Interface ABI Provider as the provider for InventoryViewProvider
[23:44:53] [Server thread/INFO]: [Essentials] Selected Paper Serialization Provider as the provider for SerializationProvider
[23:44:53] [Server thread/INFO]: [Essentials] Selected 1.13+ Spawn Egg Provider as the provider for SpawnEggProvider
[23:44:53] [Server thread/INFO]: [Essentials] Selected 1.20.6+ Potion Meta Provider as the provider for PotionMetaProvider
[23:44:53] [Server thread/INFO]: [Essentials] Creating config from template: plugins/Essentials/tpr.yml
[23:44:54] [Server thread/INFO]: [Essentials] Loaded 43517 items from items.json.
[23:44:54] [Server thread/INFO]: [Essentials] Creating config from template: plugins/Essentials/custom_items.yml
[23:44:54] [Server thread/INFO]: [Essentials] Using locale en
[23:44:54] [Server thread/INFO]: [Essentials] ServerListPingEvent: Spigot iterator API
[23:44:54] [Server thread/INFO]: [Essentials] Starting Metrics. Opt-out using the global bStats config.
[23:44:54] [Server thread/WARN]: [Essentials] Detected supported permissions plugin LuckPerms without Vault installed.
[23:44:54] [Server thread/WARN]: [Essentials] Features such as chat prefixes/suffixes and group-related functionality will not work until you install Vault.
[23:44:54] [Server thread/INFO]: [Essentials] Using superperms-based permissions.
[23:44:54] [Server thread/INFO]: [SmoothTimber] Enabling SmoothTimber v1.27.5
[23:44:54] [Server thread/INFO]: SmoothTimber || You're currently using the supported Minecraft Version 1.21 (Core v1_20x)
[23:44:55] [Server thread/INFO]: RenatoHp15: Reload complete.
[23:44:55] [Server thread/WARN]: Can't keep up! Is the server overloaded? Running 9770ms or 195 ticks behind
[23:44:55] [Server thread/INFO]: Timings Reset
[23:44:55] [Craft Scheduler Thread - 5 - Essentials/INFO]: [Essentials] Fetching version information...
[23:45:01] [Server thread/INFO]: RenatoHp15 issued server command: /back
[23:45:09] [Server thread/INFO]: RenatoHp15 issued server command: /gamemode creative
[23:46:10] [Server thread/INFO]: RenatoHp15 issued server command: /plugins
[23:46:39] [Server thread/INFO]: RenatoHp15 issued server command: /reload confirm
[23:46:39] [Server thread/INFO]: RenatoHp15: Please note that this command is not supported and may cause issues when using some plugins.
[23:46:39] [Server thread/INFO]: RenatoHp15: If you encounter any issues please use the /stop command to restart your server.
[23:46:39] [Server thread/INFO]: Server Ping Player Sample Count: 12
[23:46:39] [Server thread/INFO]: Using 4 threads for Netty based IO
[23:46:39] [Server thread/INFO]: [SmoothTimber] Disabling SmoothTimber v1.27.5
[23:46:39] [Server thread/INFO]: [Essentials] Disabling Essentials v2.21.1-dev+18-3b0c229
[23:46:39] [Server thread/ERROR]: [Essentials] There's a good chance you're reloading your server right now. If that's the case, why do you hate yourself? Expect no support from the EssentialsX team when using /reload.
[23:46:39] [Server thread/INFO]: [LuckPerms] Disabling LuckPerms v5.4.131
[23:46:39] [Server thread/INFO]: [LuckPerms] Starting shutdown process...
[23:46:39] [Server thread/INFO]: [LuckPerms] Closing storage...
[23:46:39] [Server thread/INFO]: [LuckPerms] Goodbye!
[23:46:39] [Server thread/INFO]: Loaded 1290 recipes
[23:46:40] [Server thread/INFO]: Loaded 1399 advancements
[23:46:40] [Server thread/INFO]: [PluginInitializerManager] Initializing plugins...
[23:46:40] [Server thread/INFO]: [PluginInitializerManager] Initialized 3 plugins
[23:46:40] [Server thread/INFO]: [PluginInitializerManager] Bukkit plugins (3):
 - Essentials (2.21.1-dev+18-3b0c229), LuckPerms (5.4.131), SmoothTimber (1.27.5)
[23:46:40] [Server thread/INFO]: [LuckPerms] Loading server plugin LuckPerms v5.4.131
[23:46:40] [Server thread/INFO]: [Essentials] Loading server plugin Essentials v2.21.1-dev+18-3b0c229
[23:46:40] [Server thread/INFO]: [SmoothTimber] Loading server plugin SmoothTimber v1.27.5
[23:46:40] [Server thread/INFO]: Server permissions file permissions.yml is empty, ignoring it
[23:46:40] [Server thread/INFO]: [LuckPerms] Enabling LuckPerms v5.4.131
[23:46:40] [Server thread/INFO]:         __    
[23:46:40] [Server thread/INFO]:   |    |__)   LuckPerms v5.4.131
[23:46:40] [Server thread/INFO]:   |___ |      Running on Bukkit - Paper
[23:46:40] [Server thread/INFO]: 
[23:46:40] [Server thread/INFO]: [LuckPerms] Loading configuration...
[23:46:41] [Server thread/INFO]: [LuckPerms] Loading storage provider... [H2]
[23:46:41] [Server thread/INFO]: [LuckPerms] Loading internal permission managers...
[23:46:41] [Server thread/INFO]: [LuckPerms] Performing initial data load...
[23:46:41] [Server thread/INFO]: [LuckPerms] Successfully enabled. (took 811ms)
[23:46:41] [Server thread/INFO]: [Essentials] Enabling Essentials v2.21.1-dev+18-3b0c229
[23:46:43] [Server thread/ERROR]: [Essentials] You are running an unsupported server version!
[23:46:43] [Server thread/INFO]: [Essentials] Attempting to convert old kits in config.yml to new kits.yml
[23:46:43] [Server thread/INFO]: [Essentials] No kits found to migrate.
[23:46:43] [Server thread/INFO]: [Essentials] Starting Essentials ban format conversion
[23:46:43] [Server thread/INFO]: [Essentials] Found 1 files to convert...
[23:46:43] [Server thread/INFO]: [Essentials] Converted 0/1
[23:46:43] [Server thread/INFO]: [Essentials] Ban format update complete.
[23:46:43] [Server thread/INFO]: [Essentials] Attempting to migrate ignore list to UUIDs
[23:46:43] [Server thread/INFO]: [Essentials] Done converting ignore list.
[23:46:43] [Server thread/INFO]: [Essentials] Attempting to migrate legacy userdata keys to Configurate
[23:46:43] [Server thread/INFO]: [Essentials] Done converting legacy userdata keys to Configurate.
[23:46:43] [Server thread/INFO]: [Essentials] Done converting mail list.
[23:46:43] [Server thread/INFO]: [Essentials] #===========================================================================#
[23:46:43] [Server thread/INFO]: [Essentials]  EssentialsX will now purge any NPC accounts which were incorrectly created.
[23:46:43] [Server thread/INFO]: [Essentials]  Only NPC accounts with the default starting balance will be deleted. If
[23:46:43] [Server thread/INFO]: [Essentials]  they turn out to be valid NPC accounts, they will be re-created as needed.
[23:46:43] [Server thread/INFO]: [Essentials]  Any files deleted here will be backed up to the 
[23:46:43] [Server thread/INFO]: [Essentials]  "plugins/Essentials/userdata-npc-backup" folder. If you notice any files
[23:46:43] [Server thread/INFO]: [Essentials]  have been purged incorrectly, you should restore it from the backup and
[23:46:43] [Server thread/INFO]: [Essentials]  report it to us on GitHub:
[23:46:43] [Server thread/INFO]: [Essentials]  https://github.com/EssentialsX/Essentials/issues/new/choose
[23:46:43] [Server thread/INFO]: [Essentials] 
[23:46:43] [Server thread/INFO]: [Essentials]  NOTE: This is a one-time process and will take several minutes if you have
[23:46:43] [Server thread/INFO]: [Essentials]  a lot of userdata files! If you interrupt this process, EssentialsX will
[23:46:43] [Server thread/INFO]: [Essentials]  skip the process until you rename or remove the backup folder.
[23:46:43] [Server thread/INFO]: [Essentials] #===========================================================================#
[23:46:43] [Server thread/INFO]: [Essentials] Found ~1 files under "plugins/Essentials/userdata"...
[23:46:43] [Server thread/INFO]: [Essentials] #===========================================================================#
[23:46:43] [Server thread/INFO]: [Essentials]  EssentialsX has finished purging NPC accounts.
[23:46:43] [Server thread/INFO]: [Essentials] 
[23:46:43] [Server thread/INFO]: [Essentials]  Deleted accounts: 0
[23:46:43] [Server thread/INFO]: [Essentials]  Total accounts processed: 1
[23:46:43] [Server thread/INFO]: [Essentials] 
[23:46:43] [Server thread/INFO]: [Essentials]  Purged accounts have been backed up to
[23:46:43] [Server thread/INFO]: [Essentials]  "plugins/Essentials/userdata-npc-backup", and can be restored from there
[23:46:43] [Server thread/INFO]: [Essentials]  if needed. Please report any files which have been incorrectly deleted
[23:46:43] [Server thread/INFO]: [Essentials]  to us on GitHub:
[23:46:43] [Server thread/INFO]: [Essentials]  https://github.com/EssentialsX/Essentials/issues/new/choose
[23:46:43] [Server thread/INFO]: [Essentials] #===========================================================================#
[23:46:43] [Server thread/INFO]: [Essentials] Selected Paper Container Provider as the provider for ContainerProvider
[23:46:43] [Server thread/INFO]: [Essentials] Selected 1.20.5+ Banner Data Provider as the provider for BannerDataProvider
[23:46:43] [Server thread/INFO]: [Essentials] Selected Paper Known Commands Provider as the provider for KnownCommandsProvider
[23:46:43] [Server thread/INFO]: [Essentials] Selected Paper Server State Provider as the provider for ServerStateProvider
[23:46:43] [Server thread/INFO]: [Essentials] Selected 1.14+ Sign Data Provider as the provider for SignDataProvider
[23:46:43] [Server thread/INFO]: [Essentials] Selected 1.17.1+ World Info Provider as the provider for WorldInfoProvider
[23:46:43] [Server thread/INFO]: [Essentials] Selected Paper Serialization Provider as the provider for SerializationProvider
[23:46:43] [Server thread/INFO]: [Essentials] Selected 1.20.6+ Potion Meta Provider as the provider for PotionMetaProvider
[23:46:43] [Server thread/INFO]: [Essentials] Selected 1.13+ Spawn Egg Provider as the provider for SpawnEggProvider
[23:46:43] [Server thread/INFO]: [Essentials] Selected 1.12+ Spawner Block Provider as the provider for SpawnerBlockProvider
[23:46:43] [Server thread/INFO]: [Essentials] Selected 1.11+ Item Unbreakable Provider as the provider for ItemUnbreakableProvider
[23:46:43] [Server thread/INFO]: [Essentials] Selected Paper Material Tag Provider as the provider for MaterialTagProvider
[23:46:43] [Server thread/INFO]: [Essentials] Selected Reflection Sync Commands Provider as the provider for SyncCommandsProvider
[23:46:43] [Server thread/INFO]: [Essentials] Selected Paper Biome Key Provider as the provider for BiomeKeyProvider
[23:46:43] [Server thread/INFO]: [Essentials] Selected Reflection Online Mode Provider as the provider for OnlineModeProvider
[23:46:43] [Server thread/INFO]: [Essentials] Selected Reflection Formatted Command Alias Provider as the provider for FormattedCommandAliasProvider
[23:46:43] [Server thread/INFO]: [Essentials] Selected 1.12.2+ Player Locale Provider as the provider for PlayerLocaleProvider
[23:46:43] [Server thread/INFO]: [Essentials] Selected 1.21+ InventoryView Interface ABI Provider as the provider for InventoryViewProvider
[23:46:43] [Server thread/INFO]: [Essentials] Selected 1.14.4+ Persistent Data Container Provider as the provider for PersistentDataProvider
[23:46:43] [Server thread/INFO]: [Essentials] Selected 1.20.4+ Damage Event Provider as the provider for DamageEventProvider
[23:46:43] [Server thread/INFO]: [Essentials] Selected Paper Tick Count Provider as the provider for TickCountProvider
[23:46:43] [Server thread/INFO]: [Essentials] Selected 1.8.3+ Spawner Item Provider as the provider for SpawnerItemProvider
[23:46:43] [Server thread/INFO]: [Essentials] Loaded 43517 items from items.json.
[23:46:43] [Server thread/INFO]: [Essentials] Using locale en
[23:46:43] [Server thread/INFO]: [Essentials] ServerListPingEvent: Spigot iterator API
[23:46:44] [Server thread/INFO]: [Essentials] Starting Metrics. Opt-out using the global bStats config.
[23:46:44] [Server thread/WARN]: [Essentials] Detected supported permissions plugin LuckPerms without Vault installed.
[23:46:44] [Server thread/WARN]: [Essentials] Features such as chat prefixes/suffixes and group-related functionality will not work until you install Vault.
[23:46:44] [Server thread/INFO]: [Essentials] Using superperms-based permissions.
[23:46:44] [Server thread/INFO]: [SmoothTimber] Enabling SmoothTimber v1.27.5
[23:46:44] [Server thread/INFO]: SmoothTimber || You're currently using the supported Minecraft Version 1.21 (Core v1_20x)
[23:46:44] [Server thread/INFO]: RenatoHp15: Reload complete.
[23:46:44] [Server thread/WARN]: Can't keep up! Is the server overloaded? Running 5010ms or 100 ticks behind
[23:46:44] [Server thread/INFO]: Timings Reset
[23:46:44] [Craft Scheduler Thread - 14 - Essentials/INFO]: [Essentials] Fetching version information...
[23:46:55] [Server thread/INFO]: RenatoHp15 issued server command: /plugins
[23:47:10] [Server thread/INFO]: RenatoHp15 issued server command: /kill
[23:47:13] [Server thread/INFO]: RenatoHp15 issued server command: /kill RenatoHp15
[23:47:13] [Server thread/INFO]: RenatoHp15 died
[23:47:41] [Server thread/INFO]: RenatoHp15 issued server command: /lp group default permission set essentials.tpa
[23:47:42] [luckperms-command-executor/INFO]: [LP] LOG > (RenatoHp15) [G] (default)
[23:47:42] [luckperms-command-executor/INFO]: [LP] LOG > permission set essentials.tpa true
[23:47:44] [Server thread/INFO]: RenatoHp15 issued server command: /lp group default permission set essentials.tpacancel
[23:47:44] [luckperms-command-executor/INFO]: [LP] LOG > (RenatoHp15) [G] (default)
[23:47:44] [luckperms-command-executor/INFO]: [LP] LOG > permission set essentials.tpacancel true
[23:47:47] [Server thread/INFO]: RenatoHp15 issued server command: /lp group default permission set essentials.tpaccept
[23:47:47] [luckperms-command-executor/INFO]: [LP] LOG > (RenatoHp15) [G] (default)
[23:47:47] [luckperms-command-executor/INFO]: [LP] LOG > permission set essentials.tpaccept true
[23:47:53] [Server thread/INFO]: RenatoHp15 issued server command: /lp group default permission set essentials.back
[23:47:53] [luckperms-command-executor/INFO]: [LP] LOG > (RenatoHp15) [G] (default)
[23:47:53] [luckperms-command-executor/INFO]: [LP] LOG > permission set essentials.back true
[23:47:57] [Server thread/INFO]: RenatoHp15 issued server command: /lp group default permission set essentials.home
[23:47:57] [luckperms-command-executor/INFO]: [LP] LOG > (RenatoHp15) [G] (default)
[23:47:57] [luckperms-command-executor/INFO]: [LP] LOG > permission set essentials.home true
[23:48:00] [Server thread/INFO]: RenatoHp15 issued server command: /lp group default permission set essentials.sethome
[23:48:00] [luckperms-command-executor/INFO]: [LP] LOG > (RenatoHp15) [G] (default)
[23:48:00] [luckperms-command-executor/INFO]: [LP] LOG > permission set essentials.sethome true
[23:48:02] [Server thread/INFO]: RenatoHp15 issued server command: /lp group default permission set essentials.delhome
[23:48:02] [luckperms-command-executor/INFO]: [LP] LOG > (RenatoHp15) [G] (default)
[23:48:02] [luckperms-command-executor/INFO]: [LP] LOG > permission set essentials.delhome true
[23:48:09] [Server thread/INFO]: RenatoHp15 issued server command: /gamemode survival
[23:48:12] [Server thread/INFO]: RenatoHp15 lost connection: Disconnected
[23:48:12] [Server thread/INFO]: RenatoHp15 left the game
[23:48:44] [User Authenticator #1/INFO]: UUID of player RenatoHp15 is 089e308a-68c5-386b-aad9-bd30d496f78a
[23:48:46] [Server thread/INFO]: RenatoHp15 joined the game
[23:48:46] [Server thread/INFO]: RenatoHp15[/127.239.173.224:40935] logged in with entity id 2624 at ([world]-303.5550741078505, 65.0, 314.6142972849171)
[23:48:46] [Server thread/WARN]: [Essentials] File motd.txt does not exist. Creating one for you.
[23:48:51] [Server thread/INFO]: RenatoHp15 issued server command: /deop RenatoHp15
[23:48:51] [Server thread/INFO]: [RenatoHp15: Made RenatoHp15 no longer a server operator]
[23:49:02] [Server thread/INFO]: RenatoHp15 lost connection: Disconnected
[23:49:02] [Server thread/INFO]: RenatoHp15 left the game
[23:52:19] [User Authenticator #2/INFO]: UUID of player kinichit is 63469485-8edf-3264-9713-498891853529
[23:52:21] [Server thread/INFO]: kinichit joined the game
[23:52:21] [Server thread/INFO]: kinichit[/127.247.97.113:58079] logged in with entity id 2691 at ([world]-270.5, 71.0, 328.5)
